# JRE version: Java(TM) SE Runtime Environment (8.0_31-b13) (build 1.8.0_31-b13)
# Java VM: Java HotSpot(TM) 64-Bit Server VM (25.31-b07 mixed mode bsd-amd64 compressed oops)
Heap:
 PSYoungGen      total 339968K, used 77968K [0x0000000142b00000, 0x0000000157b00000, 0x0000000158000000)
  eden space 335872K, 23% used [0x0000000142b00000,0x000000014770c0f0,0x0000000157300000)
  from space 4096K, 2% used [0x0000000157700000,0x0000000157718000,0x0000000157b00000)
  to   space 4096K, 0% used [0x0000000157300000,0x0000000157300000,0x0000000157700000)
 ParOldGen       total 44032K, used 2871K [0x0000000118000000, 0x000000011ab00000, 0x0000000142b00000)
  object space 44032K, 6% used [0x0000000118000000,0x00000001182cddd8,0x000000011ab00000)
 Metaspace       used 11130K, capacity 11552K, committed 11648K, reserved 1058816K
  class space    used 1477K, capacity 1579K, committed 1664K, reserved 1048576K
GC Heap History (10 events):
Event: 10.062 GC heap before
{Heap before GC invocations=8 (full 0):
 PSYoungGen      total 68608K, used 66288K [0x0000000142b00000, 0x000000014b200000, 0x0000000158000000)
  eden space 65536K, 100% used [0x0000000142b00000,0x0000000146b00000,0x0000000146b00000)
  from space 3072K, 24% used [0x0000000146b00000,0x0000000146bbc028,0x0000000146e00000)
  to   space 3584K, 0% used [0x000000014ae80000,0x000000014ae80000,0x000000014b200000)
 ParOldGen       total 44032K, used 2135K [0x0000000118000000, 0x000000011ab00000, 0x0000000142b00000)
  object space 44032K, 4% used [0x0000000118000000,0x0000000118215db0,0x000000011ab00000)
 Metaspace       used 10850K, capacity 11182K, committed 11392K, reserved 1058816K
  class space    used 1453K, capacity 1572K, committed 1664K, reserved 1048576K
Event: 10.064 GC heap after
Heap after GC invocations=8 (full 0):
 PSYoungGen      total 134656K, used 128K [0x0000000142b00000, 0x000000014b200000, 0x0000000158000000)
  eden space 131072K, 0% used [0x0000000142b00000,0x0000000142b00000,0x000000014ab00000)
  from space 3584K, 3% used [0x000000014ae80000,0x000000014aea0000,0x000000014b200000)
  to   space 3584K, 0% used [0x000000014ab00000,0x000000014ab00000,0x000000014ae80000)
 ParOldGen       total 44032K, used 2799K [0x0000000118000000, 0x000000011ab00000, 0x0000000142b00000)
  object space 44032K, 6% used [0x0000000118000000,0x00000001182bbdd8,0x000000011ab00000)
 Metaspace       used 10850K, capacity 11182K, committed 11392K, reserved 1058816K
  class space    used 1453K, capacity 1572K, committed 1664K, reserved 1048576K
}
Event: 10.122 GC heap before
{Heap before GC invocations=9 (full 0):
 PSYoungGen      total 134656K, used 131200K [0x0000000142b00000, 0x000000014b200000, 0x0000000158000000)
  eden space 131072K, 100% used [0x0000000142b00000,0x000000014ab00000,0x000000014ab00000)
  from space 3584K, 3% used [0x000000014ae80000,0x000000014aea0000,0x000000014b200000)
  to   space 3584K, 0% used [0x000000014ab00000,0x000000014ab00000,0x000000014ae80000)
 ParOldGen       total 44032K, used 2799K [0x0000000118000000, 0x000000011ab00000, 0x0000000142b00000)
  object space 44032K, 6% used [0x0000000118000000,0x00000001182bbdd8,0x000000011ab00000)
 Metaspace       used 10852K, capacity 11246K, committed 11392K, reserved 1058816K
  class space    used 1453K, capacity 1572K, committed 1664K, reserved 1048576K
Event: 10.123 GC heap after
Heap after GC invocations=9 (full 0):
 PSYoungGen      total 134656K, used 64K [0x0000000142b00000, 0x0000000150000000, 0x0000000158000000)
  eden space 131072K, 0% used [0x0000000142b00000,0x0000000142b00000,0x000000014ab00000)
  from space 3584K, 1% used [0x000000014ab00000,0x000000014ab10000,0x000000014ae80000)
  to   space 4096K, 0% used [0x000000014fc00000,0x000000014fc00000,0x0000000150000000)
 ParOldGen       total 44032K, used 2847K [0x0000000118000000, 0x000000011ab00000, 0x0000000142b00000)
  object space 44032K, 6% used [0x0000000118000000,0x00000001182c7dd8,0x000000011ab00000)
 Metaspace       used 10852K, capacity 11246K, committed 11392K, reserved 1058816K
  class space    used 1453K, capacity 1572K, committed 1664K, reserved 1048576K
}
Event: 10.179 GC heap before
{Heap before GC invocations=10 (full 0):
 PSYoungGen      total 134656K, used 131136K [0x0000000142b00000, 0x0000000150000000, 0x0000000158000000)
  eden space 131072K, 100% used [0x0000000142b00000,0x000000014ab00000,0x000000014ab00000)
  from space 3584K, 1% used [0x000000014ab00000,0x000000014ab10000,0x000000014ae80000)
  to   space 4096K, 0% used [0x000000014fc00000,0x000000014fc00000,0x0000000150000000)
 ParOldGen       total 44032K, used 2847K [0x0000000118000000, 0x000000011ab00000, 0x0000000142b00000)
  object space 44032K, 6% used [0x0000000118000000,0x00000001182c7dd8,0x000000011ab00000)
 Metaspace       used 10862K, capacity 11254K, committed 11392K, reserved 1058816K
  class space    used 1453K, capacity 1572K, committed 1664K, reserved 1048576K
Event: 10.179 GC heap after
Heap after GC invocations=10 (full 0):
 PSYoungGen      total 214016K, used 96K [0x0000000142b00000, 0x0000000150000000, 0x0000000158000000)
  eden space 209920K, 0% used [0x0000000142b00000,0x0000000142b00000,0x000000014f800000)
  from space 4096K, 2% used [0x000000014fc00000,0x000000014fc18000,0x0000000150000000)
  to   space 4096K, 0% used [0x000000014f800000,0x000000014f800000,0x000000014fc00000)
 ParOldGen       total 44032K, used 2855K [0x0000000118000000, 0x000000011ab00000, 0x0000000142b00000)
  object space 44032K, 6% used [0x0000000118000000,0x00000001182c9dd8,0x000000011ab00000)
 Metaspace       used 10862K, capacity 11254K, committed 11392K, reserved 1058816K
  class space    used 1453K, capacity 1572K, committed 1664K, reserved 1048576K
}
Event: 10.236 GC heap before
{Heap before GC invocations=11 (full 0):
 PSYoungGen      total 214016K, used 210016K [0x0000000142b00000, 0x0000000150000000, 0x0000000158000000)
  eden space 209920K, 100% used [0x0000000142b00000,0x000000014f800000,0x000000014f800000)
  from space 4096K, 2% used [0x000000014fc00000,0x000000014fc18000,0x0000000150000000)
  to   space 4096K, 0% used [0x000000014f800000,0x000000014f800000,0x000000014fc00000)
 ParOldGen       total 44032K, used 2855K [0x0000000118000000, 0x000000011ab00000, 0x0000000142b00000)
  object space 44032K, 6% used [0x0000000118000000,0x00000001182c9dd8,0x000000011ab00000)
 Metaspace       used 10868K, capacity 11254K, committed 11392K, reserved 1058816K
  class space    used 1453K, capacity 1572K, committed 1664K, reserved 1048576K
Event: 10.237 GC heap after
Heap after GC invocations=11 (full 0):
 PSYoungGen      total 214016K, used 128K [0x0000000142b00000, 0x0000000157b00000, 0x0000000158000000)
  eden space 209920K, 0% used [0x0000000142b00000,0x0000000142b00000,0x000000014f800000)
  from space 4096K, 3% used [0x000000014f800000,0x000000014f820000,0x000000014fc00000)
  to   space 4096K, 0% used [0x0000000157700000,0x0000000157700000,0x0000000157b00000)
 ParOldGen       total 44032K, used 2871K [0x0000000118000000, 0x000000011ab00000, 0x0000000142b00000)
  object space 44032K, 6% used [0x0000000118000000,0x00000001182cddd8,0x000000011ab00000)
 Metaspace       used 10868K, capacity 11254K, committed 11392K, reserved 1058816K
  class space    used 1453K, capacity 1572K, committed 1664K, reserved 1048576K
}
Event: 10.283 GC heap before
{Heap before GC invocations=12 (full 0):
 PSYoungGen      total 214016K, used 210048K [0x0000000142b00000, 0x0000000157b00000, 0x0000000158000000)
  eden space 209920K, 100% used [0x0000000142b00000,0x000000014f800000,0x000000014f800000)
  from space 4096K, 3% used [0x000000014f800000,0x000000014f820000,0x000000014fc00000)
  to   space 4096K, 0% used [0x0000000157700000,0x0000000157700000,0x0000000157b00000)
 ParOldGen       total 44032K, used 2871K [0x0000000118000000, 0x000000011ab00000, 0x0000000142b00000)
  object space 44032K, 6% used [0x0000000118000000,0x00000001182cddd8,0x000000011ab00000)
 Metaspace       used 10868K, capacity 11254K, committed 11392K, reserved 1058816K
  class space    used 1453K, capacity 1572K, committed 1664K, reserved 1048576K
Event: 10.283 GC heap after
Heap after GC invocations=12 (full 0):
 PSYoungGen      total 339968K, used 96K [0x0000000142b00000, 0x0000000157b00000, 0x0000000158000000)
  eden space 335872K, 0% used [0x0000000142b00000,0x0000000142b00000,0x0000000157300000)
  from space 4096K, 2% used [0x0000000157700000,0x0000000157718000,0x0000000157b00000)
  to   space 4096K, 0% used [0x0000000157300000,0x0000000157300000,0x0000000157700000)
 ParOldGen       total 44032K, used 2871K [0x0000000118000000, 0x000000011ab00000, 0x0000000142b00000)
  object space 44032K, 6% used [0x0000000118000000,0x00000001182cddd8,0x000000011ab00000)
 Metaspace       used 10868K, capacity 11254K, committed 11392K, reserved 1058816K
  class space    used 1453K, capacity 1572K, committed 1664K, reserved 1048576K
}

