# JRE version: Java(TM) SE Runtime Environment (8.0_31-b13) (build 1.8.0_31-b13)
# Java VM: Java HotSpot(TM) 64-Bit Server VM (25.31-b07 mixed mode bsd-amd64 compressed oops)
Heap:
 PSYoungGen      total 344576K, used 278962K [0x0000000146300000, 0x000000015b800000, 0x000000015b800000)
  eden space 339968K, 82% used [0x0000000146300000,0x0000000157354b78,0x000000015af00000)
  from space 4608K, 2% used [0x000000015b380000,0x000000015b398000,0x000000015b800000)
  to   space 4608K, 0% used [0x000000015af00000,0x000000015af00000,0x000000015b380000)
 ParOldGen       total 44032K, used 4817K [0x000000011b800000, 0x000000011e300000, 0x0000000146300000)
  object space 44032K, 10% used [0x000000011b800000,0x000000011bcb4748,0x000000011e300000)
 Metaspace       used 11248K, capacity 11646K, committed 11904K, reserved 1058816K
  class space    used 1498K, capacity 1610K, committed 1664K, reserved 1048576K
GC Heap History (10 events):
Event: 3.680 GC heap before
{Heap before GC invocations=12 (full 0):
 PSYoungGen      total 109568K, used 104512K [0x0000000146300000, 0x0000000151080000, 0x000000015b800000)
  eden space 104448K, 100% used [0x0000000146300000,0x000000014c900000,0x000000014c900000)
  from space 5120K, 1% used [0x000000014c900000,0x000000014c910000,0x000000014ce00000)
  to   space 5120K, 0% used [0x0000000150b80000,0x0000000150b80000,0x0000000151080000)
 ParOldGen       total 44032K, used 4769K [0x000000011b800000, 0x000000011e300000, 0x0000000146300000)
  object space 44032K, 10% used [0x000000011b800000,0x000000011bca8748,0x000000011e300000)
 Metaspace       used 11006K, capacity 11404K, committed 11648K, reserved 1058816K
  class space    used 1477K, capacity 1603K, committed 1664K, reserved 1048576K
Event: 3.681 GC heap after
Heap after GC invocations=12 (full 0):
 PSYoungGen      total 172544K, used 96K [0x0000000146300000, 0x0000000151080000, 0x000000015b800000)
  eden space 167424K, 0% used [0x0000000146300000,0x0000000146300000,0x0000000150680000)
  from space 5120K, 1% used [0x0000000150b80000,0x0000000150b98000,0x0000000151080000)
  to   space 5120K, 0% used [0x0000000150680000,0x0000000150680000,0x0000000150b80000)
 ParOldGen       total 44032K, used 4769K [0x000000011b800000, 0x000000011e300000, 0x0000000146300000)
  object space 44032K, 10% used [0x000000011b800000,0x000000011bca8748,0x000000011e300000)
 Metaspace       used 11006K, capacity 11404K, committed 11648K, reserved 1058816K
  class space    used 1477K, capacity 1603K, committed 1664K, reserved 1048576K
}
Event: 3.752 GC heap before
{Heap before GC invocations=13 (full 0):
 PSYoungGen      total 172544K, used 167520K [0x0000000146300000, 0x0000000151080000, 0x000000015b800000)
  eden space 167424K, 100% used [0x0000000146300000,0x0000000150680000,0x0000000150680000)
  from space 5120K, 1% used [0x0000000150b80000,0x0000000150b98000,0x0000000151080000)
  to   space 5120K, 0% used [0x0000000150680000,0x0000000150680000,0x0000000150b80000)
 ParOldGen       total 44032K, used 4769K [0x000000011b800000, 0x000000011e300000, 0x0000000146300000)
  object space 44032K, 10% used [0x000000011b800000,0x000000011bca8748,0x000000011e300000)
 Metaspace       used 11006K, capacity 11404K, committed 11648K, reserved 1058816K
  class space    used 1477K, capacity 1603K, committed 1664K, reserved 1048576K
Event: 3.754 GC heap after
Heap after GC invocations=13 (full 0):
 PSYoungGen      total 172544K, used 64K [0x0000000146300000, 0x0000000157300000, 0x000000015b800000)
  eden space 167424K, 0% used [0x0000000146300000,0x0000000146300000,0x0000000150680000)
  from space 5120K, 1% used [0x0000000150680000,0x0000000150690000,0x0000000150b80000)
  to   space 5120K, 0% used [0x0000000156e00000,0x0000000156e00000,0x0000000157300000)
 ParOldGen       total 44032K, used 4777K [0x000000011b800000, 0x000000011e300000, 0x0000000146300000)
  object space 44032K, 10% used [0x000000011b800000,0x000000011bcaa748,0x000000011e300000)
 Metaspace       used 11006K, capacity 11404K, committed 11648K, reserved 1058816K
  class space    used 1477K, capacity 1603K, committed 1664K, reserved 1048576K
}
Event: 3.814 GC heap before
{Heap before GC invocations=14 (full 0):
 PSYoungGen      total 172544K, used 167488K [0x0000000146300000, 0x0000000157300000, 0x000000015b800000)
  eden space 167424K, 100% used [0x0000000146300000,0x0000000150680000,0x0000000150680000)
  from space 5120K, 1% used [0x0000000150680000,0x0000000150690000,0x0000000150b80000)
  to   space 5120K, 0% used [0x0000000156e00000,0x0000000156e00000,0x0000000157300000)
 ParOldGen       total 44032K, used 4777K [0x000000011b800000, 0x000000011e300000, 0x0000000146300000)
  object space 44032K, 10% used [0x000000011b800000,0x000000011bcaa748,0x000000011e300000)
 Metaspace       used 11006K, capacity 11404K, committed 11648K, reserved 1058816K
  class space    used 1477K, capacity 1603K, committed 1664K, reserved 1048576K
Event: 3.815 GC heap after
Heap after GC invocations=14 (full 0):
 PSYoungGen      total 272384K, used 128K [0x0000000146300000, 0x0000000157200000, 0x000000015b800000)
  eden space 268288K, 0% used [0x0000000146300000,0x0000000146300000,0x0000000156900000)
  from space 4096K, 3% used [0x0000000156e00000,0x0000000156e20000,0x0000000157200000)
  to   space 4608K, 0% used [0x0000000156900000,0x0000000156900000,0x0000000156d80000)
 ParOldGen       total 44032K, used 4777K [0x000000011b800000, 0x000000011e300000, 0x0000000146300000)
  object space 44032K, 10% used [0x000000011b800000,0x000000011bcaa748,0x000000011e300000)
 Metaspace       used 11006K, capacity 11404K, committed 11648K, reserved 1058816K
  class space    used 1477K, capacity 1603K, committed 1664K, reserved 1048576K
}
Event: 3.834 GC heap before
{Heap before GC invocations=15 (full 0):
 PSYoungGen      total 272384K, used 268416K [0x0000000146300000, 0x0000000157200000, 0x000000015b800000)
  eden space 268288K, 100% used [0x0000000146300000,0x0000000156900000,0x0000000156900000)
  from space 4096K, 3% used [0x0000000156e00000,0x0000000156e20000,0x0000000157200000)
  to   space 4608K, 0% used [0x0000000156900000,0x0000000156900000,0x0000000156d80000)
 ParOldGen       total 44032K, used 4777K [0x000000011b800000, 0x000000011e300000, 0x0000000146300000)
  object space 44032K, 10% used [0x000000011b800000,0x000000011bcaa748,0x000000011e300000)
 Metaspace       used 11014K, capacity 11412K, committed 11648K, reserved 1058816K
  class space    used 1477K, capacity 1603K, committed 1664K, reserved 1048576K
Event: 3.835 GC heap after
Heap after GC invocations=15 (full 0):
 PSYoungGen      total 272896K, used 96K [0x0000000146300000, 0x000000015b800000, 0x000000015b800000)
  eden space 268288K, 0% used [0x0000000146300000,0x0000000146300000,0x0000000156900000)
  from space 4608K, 2% used [0x0000000156900000,0x0000000156918000,0x0000000156d80000)
  to   space 4608K, 0% used [0x000000015b380000,0x000000015b380000,0x000000015b800000)
 ParOldGen       total 44032K, used 4793K [0x000000011b800000, 0x000000011e300000, 0x0000000146300000)
  object space 44032K, 10% used [0x000000011b800000,0x000000011bcae748,0x000000011e300000)
 Metaspace       used 11014K, capacity 11412K, committed 11648K, reserved 1058816K
  class space    used 1477K, capacity 1603K, committed 1664K, reserved 1048576K
}
Event: 3.897 GC heap before
{Heap before GC invocations=16 (full 0):
 PSYoungGen      total 272896K, used 268384K [0x0000000146300000, 0x000000015b800000, 0x000000015b800000)
  eden space 268288K, 100% used [0x0000000146300000,0x0000000156900000,0x0000000156900000)
  from space 4608K, 2% used [0x0000000156900000,0x0000000156918000,0x0000000156d80000)
  to   space 4608K, 0% used [0x000000015b380000,0x000000015b380000,0x000000015b800000)
 ParOldGen       total 44032K, used 4793K [0x000000011b800000, 0x000000011e300000, 0x0000000146300000)
  object space 44032K, 10% used [0x000000011b800000,0x000000011bcae748,0x000000011e300000)
 Metaspace       used 11014K, capacity 11412K, committed 11648K, reserved 1058816K
  class space    used 1477K, capacity 1603K, committed 1664K, reserved 1048576K
Event: 3.898 GC heap after
Heap after GC invocations=16 (full 0):
 PSYoungGen      total 344576K, used 96K [0x0000000146300000, 0x000000015b800000, 0x000000015b800000)
  eden space 339968K, 0% used [0x0000000146300000,0x0000000146300000,0x000000015af00000)
  from space 4608K, 2% used [0x000000015b380000,0x000000015b398000,0x000000015b800000)
  to   space 4608K, 0% used [0x000000015af00000,0x000000015af00000,0x000000015b380000)
 ParOldGen       total 44032K, used 4817K [0x000000011b800000, 0x000000011e300000, 0x0000000146300000)
  object space 44032K, 10% used [0x000000011b800000,0x000000011bcb4748,0x000000011e300000)
 Metaspace       used 11014K, capacity 11412K, committed 11648K, reserved 1058816K
  class space    used 1477K, capacity 1603K, committed 1664K, reserved 1048576K
}

