# JRE version: Java(TM) SE Runtime Environment (8.0_31-b13) (build 1.8.0_31-b13)
# Java VM: Java HotSpot(TM) 64-Bit Server VM (25.31-b07 mixed mode bsd-amd64 compressed oops)
Heap:
 PSYoungGen      total 340480K, used 99586K [0x00000007aab00000, 0x00000007bff00000, 0x00000007c0000000)
  eden space 339968K, 29% used [0x00000007aab00000,0x00000007b0c28b50,0x00000007bf700000)
  from space 512K, 18% used [0x00000007bf700000,0x00000007bf718000,0x00000007bf780000)
  to   space 4096K, 0% used [0x00000007bfb00000,0x00000007bfb00000,0x00000007bff00000)
 ParOldGen       total 44032K, used 4821K [0x0000000780000000, 0x0000000782b00000, 0x00000007aab00000)
  object space 44032K, 10% used [0x0000000780000000,0x00000007804b5738,0x0000000782b00000)
 Metaspace       used 11229K, capacity 11658K, committed 11904K, reserved 1058816K
  class space    used 1504K, capacity 1610K, committed 1664K, reserved 1048576K
GC Heap History (10 events):
Event: 3.548 GC heap before
{Heap before GC invocations=13 (full 0):
 PSYoungGen      total 172544K, used 167488K [0x00000007aab00000, 0x00000007b5880000, 0x00000007c0000000)
  eden space 167424K, 100% used [0x00000007aab00000,0x00000007b4e80000,0x00000007b4e80000)
  from space 5120K, 1% used [0x00000007b5380000,0x00000007b5390000,0x00000007b5880000)
  to   space 5120K, 0% used [0x00000007b4e80000,0x00000007b4e80000,0x00000007b5380000)
 ParOldGen       total 44032K, used 4781K [0x0000000780000000, 0x0000000782b00000, 0x00000007aab00000)
  object space 44032K, 10% used [0x0000000780000000,0x00000007804ab738,0x0000000782b00000)
 Metaspace       used 10990K, capacity 11356K, committed 11648K, reserved 1058816K
  class space    used 1482K, capacity 1603K, committed 1664K, reserved 1048576K
Event: 3.549 GC heap after
Heap after GC invocations=13 (full 0):
 PSYoungGen      total 172544K, used 96K [0x00000007aab00000, 0x00000007bbb00000, 0x00000007c0000000)
  eden space 167424K, 0% used [0x00000007aab00000,0x00000007aab00000,0x00000007b4e80000)
  from space 5120K, 1% used [0x00000007b4e80000,0x00000007b4e98000,0x00000007b5380000)
  to   space 5120K, 0% used [0x00000007bb600000,0x00000007bb600000,0x00000007bbb00000)
 ParOldGen       total 44032K, used 4789K [0x0000000780000000, 0x0000000782b00000, 0x00000007aab00000)
  object space 44032K, 10% used [0x0000000780000000,0x00000007804ad738,0x0000000782b00000)
 Metaspace       used 10990K, capacity 11356K, committed 11648K, reserved 1058816K
  class space    used 1482K, capacity 1603K, committed 1664K, reserved 1048576K
}
Event: 3.597 GC heap before
{Heap before GC invocations=14 (full 0):
 PSYoungGen      total 172544K, used 167520K [0x00000007aab00000, 0x00000007bbb00000, 0x00000007c0000000)
  eden space 167424K, 100% used [0x00000007aab00000,0x00000007b4e80000,0x00000007b4e80000)
  from space 5120K, 1% used [0x00000007b4e80000,0x00000007b4e98000,0x00000007b5380000)
  to   space 5120K, 0% used [0x00000007bb600000,0x00000007bb600000,0x00000007bbb00000)
 ParOldGen       total 44032K, used 4789K [0x0000000780000000, 0x0000000782b00000, 0x00000007aab00000)
  object space 44032K, 10% used [0x0000000780000000,0x00000007804ad738,0x0000000782b00000)
 Metaspace       used 10990K, capacity 11356K, committed 11648K, reserved 1058816K
  class space    used 1482K, capacity 1603K, committed 1664K, reserved 1048576K
Event: 3.598 GC heap after
Heap after GC invocations=14 (full 0):
 PSYoungGen      total 272384K, used 96K [0x00000007aab00000, 0x00000007bba00000, 0x00000007c0000000)
  eden space 268288K, 0% used [0x00000007aab00000,0x00000007aab00000,0x00000007bb100000)
  from space 4096K, 2% used [0x00000007bb600000,0x00000007bb618000,0x00000007bba00000)
  to   space 4608K, 0% used [0x00000007bb100000,0x00000007bb100000,0x00000007bb580000)
 ParOldGen       total 44032K, used 4789K [0x0000000780000000, 0x0000000782b00000, 0x00000007aab00000)
  object space 44032K, 10% used [0x0000000780000000,0x00000007804ad738,0x0000000782b00000)
 Metaspace       used 10990K, capacity 11356K, committed 11648K, reserved 1058816K
  class space    used 1482K, capacity 1603K, committed 1664K, reserved 1048576K
}
Event: 3.622 GC heap before
{Heap before GC invocations=15 (full 0):
 PSYoungGen      total 272384K, used 268384K [0x00000007aab00000, 0x00000007bba00000, 0x00000007c0000000)
  eden space 268288K, 100% used [0x00000007aab00000,0x00000007bb100000,0x00000007bb100000)
  from space 4096K, 2% used [0x00000007bb600000,0x00000007bb618000,0x00000007bba00000)
  to   space 4608K, 0% used [0x00000007bb100000,0x00000007bb100000,0x00000007bb580000)
 ParOldGen       total 44032K, used 4789K [0x0000000780000000, 0x0000000782b00000, 0x00000007aab00000)
  object space 44032K, 10% used [0x0000000780000000,0x00000007804ad738,0x0000000782b00000)
 Metaspace       used 10999K, capacity 11364K, committed 11648K, reserved 1058816K
  class space    used 1482K, capacity 1603K, committed 1664K, reserved 1048576K
Event: 3.623 GC heap after
Heap after GC invocations=15 (full 0):
 PSYoungGen      total 272896K, used 96K [0x00000007aab00000, 0x00000007c0000000, 0x00000007c0000000)
  eden space 268288K, 0% used [0x00000007aab00000,0x00000007aab00000,0x00000007bb100000)
  from space 4608K, 2% used [0x00000007bb100000,0x00000007bb118000,0x00000007bb580000)
  to   space 4608K, 0% used [0x00000007bfb80000,0x00000007bfb80000,0x00000007c0000000)
 ParOldGen       total 44032K, used 4813K [0x0000000780000000, 0x0000000782b00000, 0x00000007aab00000)
  object space 44032K, 10% used [0x0000000780000000,0x00000007804b3738,0x0000000782b00000)
 Metaspace       used 10999K, capacity 11364K, committed 11648K, reserved 1058816K
  class space    used 1482K, capacity 1603K, committed 1664K, reserved 1048576K
}
Event: 3.670 GC heap before
{Heap before GC invocations=16 (full 0):
 PSYoungGen      total 272896K, used 268384K [0x00000007aab00000, 0x00000007c0000000, 0x00000007c0000000)
  eden space 268288K, 100% used [0x00000007aab00000,0x00000007bb100000,0x00000007bb100000)
  from space 4608K, 2% used [0x00000007bb100000,0x00000007bb118000,0x00000007bb580000)
  to   space 4608K, 0% used [0x00000007bfb80000,0x00000007bfb80000,0x00000007c0000000)
 ParOldGen       total 44032K, used 4813K [0x0000000780000000, 0x0000000782b00000, 0x00000007aab00000)
  object space 44032K, 10% used [0x0000000780000000,0x00000007804b3738,0x0000000782b00000)
 Metaspace       used 10999K, capacity 11364K, committed 11648K, reserved 1058816K
  class space    used 1482K, capacity 1603K, committed 1664K, reserved 1048576K
Event: 3.670 GC heap after
Heap after GC invocations=16 (full 0):
 PSYoungGen      total 344576K, used 64K [0x00000007aab00000, 0x00000007c0000000, 0x00000007c0000000)
  eden space 339968K, 0% used [0x00000007aab00000,0x00000007aab00000,0x00000007bf700000)
  from space 4608K, 1% used [0x00000007bfb80000,0x00000007bfb90000,0x00000007c0000000)
  to   space 4608K, 0% used [0x00000007bf700000,0x00000007bf700000,0x00000007bfb80000)
 ParOldGen       total 44032K, used 4821K [0x0000000780000000, 0x0000000782b00000, 0x00000007aab00000)
  object space 44032K, 10% used [0x0000000780000000,0x00000007804b5738,0x0000000782b00000)
 Metaspace       used 10999K, capacity 11364K, committed 11648K, reserved 1058816K
  class space    used 1482K, capacity 1603K, committed 1664K, reserved 1048576K
}
Event: 3.715 GC heap before
{Heap before GC invocations=17 (full 0):
 PSYoungGen      total 344576K, used 340032K [0x00000007aab00000, 0x00000007c0000000, 0x00000007c0000000)
  eden space 339968K, 100% used [0x00000007aab00000,0x00000007bf700000,0x00000007bf700000)
  from space 4608K, 1% used [0x00000007bfb80000,0x00000007bfb90000,0x00000007c0000000)
  to   space 4608K, 0% used [0x00000007bf700000,0x00000007bf700000,0x00000007bfb80000)
 ParOldGen       total 44032K, used 4821K [0x0000000780000000, 0x0000000782b00000, 0x00000007aab00000)
  object space 44032K, 10% used [0x0000000780000000,0x00000007804b5738,0x0000000782b00000)
 Metaspace       used 10999K, capacity 11364K, committed 11648K, reserved 1058816K
  class space    used 1482K, capacity 1603K, committed 1664K, reserved 1048576K
Event: 3.715 GC heap after
Heap after GC invocations=17 (full 0):
 PSYoungGen      total 340480K, used 96K [0x00000007aab00000, 0x00000007bff00000, 0x00000007c0000000)
  eden space 339968K, 0% used [0x00000007aab00000,0x00000007aab00000,0x00000007bf700000)
  from space 512K, 18% used [0x00000007bf700000,0x00000007bf718000,0x00000007bf780000)
  to   space 4096K, 0% used [0x00000007bfb00000,0x00000007bfb00000,0x00000007bff00000)
 ParOldGen       total 44032K, used 4821K [0x0000000780000000, 0x0000000782b00000, 0x00000007aab00000)
  object space 44032K, 10% used [0x0000000780000000,0x00000007804b5738,0x0000000782b00000)
 Metaspace       used 10999K, capacity 11364K, committed 11648K, reserved 1058816K
  class space    used 1482K, capacity 1603K, committed 1664K, reserved 1048576K
}

