# JRE version: Java(TM) SE Runtime Environment (8.0_31-b13) (build 1.8.0_31-b13)
# Java VM: Java HotSpot(TM) 64-Bit Server VM (25.31-b07 mixed mode bsd-amd64 compressed oops)
Heap:
 PSYoungGen      total 20480K, used 1645K [0x00000007aab00000, 0x00000007ac800000, 0x00000007c0000000)
  eden space 16384K, 9% used [0x00000007aab00000,0x00000007aac8b690,0x00000007abb00000)
  from space 4096K, 1% used [0x00000007ac000000,0x00000007ac010000,0x00000007ac400000)
  to   space 4096K, 0% used [0x00000007ac400000,0x00000007ac400000,0x00000007ac800000)
 ParOldGen       total 44032K, used 2892K [0x0000000780000000, 0x0000000782b00000, 0x00000007aab00000)
  object space 44032K, 6% used [0x0000000780000000,0x00000007802d31e8,0x0000000782b00000)
 Metaspace       used 11161K, capacity 11572K, committed 11904K, reserved 1058816K
  class space    used 1481K, capacity 1579K, committed 1664K, reserved 1048576K
GC Heap History (10 events):
Event: 4.234 GC heap before
{Heap before GC invocations=9 (full 0):
 PSYoungGen      total 16896K, used 16512K [0x00000007aab00000, 0x00000007acf00000, 0x00000007c0000000)
  eden space 16384K, 100% used [0x00000007aab00000,0x00000007abb00000,0x00000007abb00000)
  from space 512K, 25% used [0x00000007ace80000,0x00000007acea0000,0x00000007acf00000)
  to   space 3584K, 0% used [0x00000007ac800000,0x00000007ac800000,0x00000007acb80000)
 ParOldGen       total 44032K, used 2828K [0x0000000780000000, 0x0000000782b00000, 0x00000007aab00000)
  object space 44032K, 6% used [0x0000000780000000,0x00000007802c31e8,0x0000000782b00000)
 Metaspace       used 10873K, capacity 11206K, committed 11392K, reserved 1058816K
  class space    used 1457K, capacity 1572K, committed 1664K, reserved 1048576K
Event: 4.235 GC heap after
Heap after GC invocations=9 (full 0):
 PSYoungGen      total 16896K, used 64K [0x00000007aab00000, 0x00000007acf00000, 0x00000007c0000000)
  eden space 16384K, 0% used [0x00000007aab00000,0x00000007aab00000,0x00000007abb00000)
  from space 512K, 12% used [0x00000007ac800000,0x00000007ac810000,0x00000007ac880000)
  to   space 4096K, 0% used [0x00000007acb00000,0x00000007acb00000,0x00000007acf00000)
 ParOldGen       total 44032K, used 2844K [0x0000000780000000, 0x0000000782b00000, 0x00000007aab00000)
  object space 44032K, 6% used [0x0000000780000000,0x00000007802c71e8,0x0000000782b00000)
 Metaspace       used 10873K, capacity 11206K, committed 11392K, reserved 1058816K
  class space    used 1457K, capacity 1572K, committed 1664K, reserved 1048576K
}
Event: 4.564 GC heap before
{Heap before GC invocations=10 (full 0):
 PSYoungGen      total 16896K, used 16448K [0x00000007aab00000, 0x00000007acf00000, 0x00000007c0000000)
  eden space 16384K, 100% used [0x00000007aab00000,0x00000007abb00000,0x00000007abb00000)
  from space 512K, 12% used [0x00000007ac800000,0x00000007ac810000,0x00000007ac880000)
  to   space 4096K, 0% used [0x00000007acb00000,0x00000007acb00000,0x00000007acf00000)
 ParOldGen       total 44032K, used 2844K [0x0000000780000000, 0x0000000782b00000, 0x00000007aab00000)
  object space 44032K, 6% used [0x0000000780000000,0x00000007802c71e8,0x0000000782b00000)
 Metaspace       used 10873K, capacity 11206K, committed 11392K, reserved 1058816K
  class space    used 1457K, capacity 1572K, committed 1664K, reserved 1048576K
Event: 4.565 GC heap after
Heap after GC invocations=10 (full 0):
 PSYoungGen      total 16896K, used 96K [0x00000007aab00000, 0x00000007acb80000, 0x00000007c0000000)
  eden space 16384K, 0% used [0x00000007aab00000,0x00000007aab00000,0x00000007abb00000)
  from space 512K, 18% used [0x00000007acb00000,0x00000007acb18000,0x00000007acb80000)
  to   space 4096K, 0% used [0x00000007ac380000,0x00000007ac380000,0x00000007ac780000)
 ParOldGen       total 44032K, used 2852K [0x0000000780000000, 0x0000000782b00000, 0x00000007aab00000)
  object space 44032K, 6% used [0x0000000780000000,0x00000007802c91e8,0x0000000782b00000)
 Metaspace       used 10873K, capacity 11206K, committed 11392K, reserved 1058816K
  class space    used 1457K, capacity 1572K, committed 1664K, reserved 1048576K
}
Event: 4.804 GC heap before
{Heap before GC invocations=11 (full 0):
 PSYoungGen      total 16896K, used 16480K [0x00000007aab00000, 0x00000007acb80000, 0x00000007c0000000)
  eden space 16384K, 100% used [0x00000007aab00000,0x00000007abb00000,0x00000007abb00000)
  from space 512K, 18% used [0x00000007acb00000,0x00000007acb18000,0x00000007acb80000)
  to   space 4096K, 0% used [0x00000007ac380000,0x00000007ac380000,0x00000007ac780000)
 ParOldGen       total 44032K, used 2852K [0x0000000780000000, 0x0000000782b00000, 0x00000007aab00000)
  object space 44032K, 6% used [0x0000000780000000,0x00000007802c91e8,0x0000000782b00000)
 Metaspace       used 10874K, capacity 11210K, committed 11392K, reserved 1058816K
  class space    used 1457K, capacity 1572K, committed 1664K, reserved 1048576K
Event: 4.805 GC heap after
Heap after GC invocations=11 (full 0):
 PSYoungGen      total 20480K, used 64K [0x00000007aab00000, 0x00000007acb80000, 0x00000007c0000000)
  eden space 16384K, 0% used [0x00000007aab00000,0x00000007aab00000,0x00000007abb00000)
  from space 4096K, 1% used [0x00000007ac380000,0x00000007ac390000,0x00000007ac780000)
  to   space 4096K, 0% used [0x00000007ac780000,0x00000007ac780000,0x00000007acb80000)
 ParOldGen       total 44032K, used 2868K [0x0000000780000000, 0x0000000782b00000, 0x00000007aab00000)
  object space 44032K, 6% used [0x0000000780000000,0x00000007802cd1e8,0x0000000782b00000)
 Metaspace       used 10874K, capacity 11210K, committed 11392K, reserved 1058816K
  class space    used 1457K, capacity 1572K, committed 1664K, reserved 1048576K
}
Event: 5.023 GC heap before
{Heap before GC invocations=12 (full 0):
 PSYoungGen      total 20480K, used 16448K [0x00000007aab00000, 0x00000007acb80000, 0x00000007c0000000)
  eden space 16384K, 100% used [0x00000007aab00000,0x00000007abb00000,0x00000007abb00000)
  from space 4096K, 1% used [0x00000007ac380000,0x00000007ac390000,0x00000007ac780000)
  to   space 4096K, 0% used [0x00000007ac780000,0x00000007ac780000,0x00000007acb80000)
 ParOldGen       total 44032K, used 2868K [0x0000000780000000, 0x0000000782b00000, 0x00000007aab00000)
  object space 44032K, 6% used [0x0000000780000000,0x00000007802cd1e8,0x0000000782b00000)
 Metaspace       used 10877K, capacity 11210K, committed 11392K, reserved 1058816K
  class space    used 1457K, capacity 1572K, committed 1664K, reserved 1048576K
Event: 5.024 GC heap after
Heap after GC invocations=12 (full 0):
 PSYoungGen      total 16896K, used 64K [0x00000007aab00000, 0x00000007ac800000, 0x00000007c0000000)
  eden space 16384K, 0% used [0x00000007aab00000,0x00000007aab00000,0x00000007abb00000)
  from space 512K, 12% used [0x00000007ac780000,0x00000007ac790000,0x00000007ac800000)
  to   space 4096K, 0% used [0x00000007ac000000,0x00000007ac000000,0x00000007ac400000)
 ParOldGen       total 44032K, used 2876K [0x0000000780000000, 0x0000000782b00000, 0x00000007aab00000)
  object space 44032K, 6% used [0x0000000780000000,0x00000007802cf1e8,0x0000000782b00000)
 Metaspace       used 10877K, capacity 11210K, committed 11392K, reserved 1058816K
  class space    used 1457K, capacity 1572K, committed 1664K, reserved 1048576K
}
Event: 5.253 GC heap before
{Heap before GC invocations=13 (full 0):
 PSYoungGen      total 16896K, used 16448K [0x00000007aab00000, 0x00000007ac800000, 0x00000007c0000000)
  eden space 16384K, 100% used [0x00000007aab00000,0x00000007abb00000,0x00000007abb00000)
  from space 512K, 12% used [0x00000007ac780000,0x00000007ac790000,0x00000007ac800000)
  to   space 4096K, 0% used [0x00000007ac000000,0x00000007ac000000,0x00000007ac400000)
 ParOldGen       total 44032K, used 2876K [0x0000000780000000, 0x0000000782b00000, 0x00000007aab00000)
  object space 44032K, 6% used [0x0000000780000000,0x00000007802cf1e8,0x0000000782b00000)
 Metaspace       used 10877K, capacity 11210K, committed 11392K, reserved 1058816K
  class space    used 1457K, capacity 1572K, committed 1664K, reserved 1048576K
Event: 5.254 GC heap after
Heap after GC invocations=13 (full 0):
 PSYoungGen      total 20480K, used 64K [0x00000007aab00000, 0x00000007ac800000, 0x00000007c0000000)
  eden space 16384K, 0% used [0x00000007aab00000,0x00000007aab00000,0x00000007abb00000)
  from space 4096K, 1% used [0x00000007ac000000,0x00000007ac010000,0x00000007ac400000)
  to   space 4096K, 0% used [0x00000007ac400000,0x00000007ac400000,0x00000007ac800000)
 ParOldGen       total 44032K, used 2892K [0x0000000780000000, 0x0000000782b00000, 0x00000007aab00000)
  object space 44032K, 6% used [0x0000000780000000,0x00000007802d31e8,0x0000000782b00000)
 Metaspace       used 10877K, capacity 11210K, committed 11392K, reserved 1058816K
  class space    used 1457K, capacity 1572K, committed 1664K, reserved 1048576K
}

