# JRE version: Java(TM) SE Runtime Environment (8.0_31-b13) (build 1.8.0_31-b13)
# Java VM: Java HotSpot(TM) 64-Bit Server VM (25.31-b07 mixed mode bsd-amd64 compressed oops)
Heap:
 PSYoungGen      total 343552K, used 136473K [0x00000007aab00000, 0x00000007c0000000, 0x00000007c0000000)
  eden space 338944K, 40% used [0x00000007aab00000,0x00000007b302e4c0,0x00000007bf600000)
  from space 4608K, 2% used [0x00000007bf600000,0x00000007bf618000,0x00000007bfa80000)
  to   space 4608K, 0% used [0x00000007bfb80000,0x00000007bfb80000,0x00000007c0000000)
 ParOldGen       total 44032K, used 4873K [0x0000000780000000, 0x0000000782b00000, 0x00000007aab00000)
  object space 44032K, 11% used [0x0000000780000000,0x00000007804c2728,0x0000000782b00000)
 Metaspace       used 11270K, capacity 11730K, committed 11904K, reserved 1058816K
  class space    used 1502K, capacity 1610K, committed 1664K, reserved 1048576K
GC Heap History (10 events):
Event: 3.883 GC heap before
{Heap before GC invocations=13 (full 0):
 PSYoungGen      total 173056K, used 168000K [0x00000007aab00000, 0x00000007b5900000, 0x00000007c0000000)
  eden space 167936K, 100% used [0x00000007aab00000,0x00000007b4f00000,0x00000007b4f00000)
  from space 5120K, 1% used [0x00000007b5400000,0x00000007b5410000,0x00000007b5900000)
  to   space 5120K, 0% used [0x00000007b4f00000,0x00000007b4f00000,0x00000007b5400000)
 ParOldGen       total 44032K, used 4825K [0x0000000780000000, 0x0000000782b00000, 0x00000007aab00000)
  object space 44032K, 10% used [0x0000000780000000,0x00000007804b6728,0x0000000782b00000)
 Metaspace       used 10974K, capacity 11356K, committed 11648K, reserved 1058816K
  class space    used 1478K, capacity 1603K, committed 1664K, reserved 1048576K
Event: 3.884 GC heap after
Heap after GC invocations=13 (full 0):
 PSYoungGen      total 173056K, used 64K [0x00000007aab00000, 0x00000007bbb80000, 0x00000007c0000000)
  eden space 167936K, 0% used [0x00000007aab00000,0x00000007aab00000,0x00000007b4f00000)
  from space 5120K, 1% used [0x00000007b4f00000,0x00000007b4f10000,0x00000007b5400000)
  to   space 5120K, 0% used [0x00000007bb680000,0x00000007bb680000,0x00000007bbb80000)
 ParOldGen       total 44032K, used 4833K [0x0000000780000000, 0x0000000782b00000, 0x00000007aab00000)
  object space 44032K, 10% used [0x0000000780000000,0x00000007804b8728,0x0000000782b00000)
 Metaspace       used 10974K, capacity 11356K, committed 11648K, reserved 1058816K
  class space    used 1478K, capacity 1603K, committed 1664K, reserved 1048576K
}
Event: 3.937 GC heap before
{Heap before GC invocations=14 (full 0):
 PSYoungGen      total 173056K, used 168000K [0x00000007aab00000, 0x00000007bbb80000, 0x00000007c0000000)
  eden space 167936K, 100% used [0x00000007aab00000,0x00000007b4f00000,0x00000007b4f00000)
  from space 5120K, 1% used [0x00000007b4f00000,0x00000007b4f10000,0x00000007b5400000)
  to   space 5120K, 0% used [0x00000007bb680000,0x00000007bb680000,0x00000007bbb80000)
 ParOldGen       total 44032K, used 4833K [0x0000000780000000, 0x0000000782b00000, 0x00000007aab00000)
  object space 44032K, 10% used [0x0000000780000000,0x00000007804b8728,0x0000000782b00000)
 Metaspace       used 10974K, capacity 11356K, committed 11648K, reserved 1058816K
  class space    used 1478K, capacity 1603K, committed 1664K, reserved 1048576K
Event: 3.938 GC heap after
Heap after GC invocations=14 (full 0):
 PSYoungGen      total 273920K, used 64K [0x00000007aab00000, 0x00000007bbb80000, 0x00000007c0000000)
  eden space 268800K, 0% used [0x00000007aab00000,0x00000007aab00000,0x00000007bb180000)
  from space 5120K, 1% used [0x00000007bb680000,0x00000007bb690000,0x00000007bbb80000)
  to   space 5120K, 0% used [0x00000007bb180000,0x00000007bb180000,0x00000007bb680000)
 ParOldGen       total 44032K, used 4833K [0x0000000780000000, 0x0000000782b00000, 0x00000007aab00000)
  object space 44032K, 10% used [0x0000000780000000,0x00000007804b8728,0x0000000782b00000)
 Metaspace       used 10974K, capacity 11356K, committed 11648K, reserved 1058816K
  class space    used 1478K, capacity 1603K, committed 1664K, reserved 1048576K
}
Event: 3.967 GC heap before
{Heap before GC invocations=15 (full 0):
 PSYoungGen      total 273920K, used 268864K [0x00000007aab00000, 0x00000007bbb80000, 0x00000007c0000000)
  eden space 268800K, 100% used [0x00000007aab00000,0x00000007bb180000,0x00000007bb180000)
  from space 5120K, 1% used [0x00000007bb680000,0x00000007bb690000,0x00000007bbb80000)
  to   space 5120K, 0% used [0x00000007bb180000,0x00000007bb180000,0x00000007bb680000)
 ParOldGen       total 44032K, used 4833K [0x0000000780000000, 0x0000000782b00000, 0x00000007aab00000)
  object space 44032K, 10% used [0x0000000780000000,0x00000007804b8728,0x0000000782b00000)
 Metaspace       used 10983K, capacity 11364K, committed 11648K, reserved 1058816K
  class space    used 1478K, capacity 1603K, committed 1664K, reserved 1048576K
Event: 3.968 GC heap after
Heap after GC invocations=15 (full 0):
 PSYoungGen      total 273920K, used 64K [0x00000007aab00000, 0x00000007bff00000, 0x00000007c0000000)
  eden space 268800K, 0% used [0x00000007aab00000,0x00000007aab00000,0x00000007bb180000)
  from space 5120K, 1% used [0x00000007bb180000,0x00000007bb190000,0x00000007bb680000)
  to   space 4608K, 0% used [0x00000007bfa80000,0x00000007bfa80000,0x00000007bff00000)
 ParOldGen       total 44032K, used 4849K [0x0000000780000000, 0x0000000782b00000, 0x00000007aab00000)
  object space 44032K, 11% used [0x0000000780000000,0x00000007804bc728,0x0000000782b00000)
 Metaspace       used 10983K, capacity 11364K, committed 11648K, reserved 1058816K
  class space    used 1478K, capacity 1603K, committed 1664K, reserved 1048576K
}
Event: 4.007 GC heap before
{Heap before GC invocations=16 (full 0):
 PSYoungGen      total 273920K, used 268864K [0x00000007aab00000, 0x00000007bff00000, 0x00000007c0000000)
  eden space 268800K, 100% used [0x00000007aab00000,0x00000007bb180000,0x00000007bb180000)
  from space 5120K, 1% used [0x00000007bb180000,0x00000007bb190000,0x00000007bb680000)
  to   space 4608K, 0% used [0x00000007bfa80000,0x00000007bfa80000,0x00000007bff00000)
 ParOldGen       total 44032K, used 4849K [0x0000000780000000, 0x0000000782b00000, 0x00000007aab00000)
  object space 44032K, 11% used [0x0000000780000000,0x00000007804bc728,0x0000000782b00000)
 Metaspace       used 10983K, capacity 11364K, committed 11648K, reserved 1058816K
  class space    used 1478K, capacity 1603K, committed 1664K, reserved 1048576K
Event: 4.008 GC heap after
Heap after GC invocations=16 (full 0):
 PSYoungGen      total 343552K, used 96K [0x00000007aab00000, 0x00000007bff80000, 0x00000007c0000000)
  eden space 338944K, 0% used [0x00000007aab00000,0x00000007aab00000,0x00000007bf600000)
  from space 4608K, 2% used [0x00000007bfa80000,0x00000007bfa98000,0x00000007bff00000)
  to   space 4608K, 0% used [0x00000007bf600000,0x00000007bf600000,0x00000007bfa80000)
 ParOldGen       total 44032K, used 4865K [0x0000000780000000, 0x0000000782b00000, 0x00000007aab00000)
  object space 44032K, 11% used [0x0000000780000000,0x00000007804c0728,0x0000000782b00000)
 Metaspace       used 10983K, capacity 11364K, committed 11648K, reserved 1058816K
  class space    used 1478K, capacity 1603K, committed 1664K, reserved 1048576K
}
Event: 4.062 GC heap before
{Heap before GC invocations=17 (full 0):
 PSYoungGen      total 343552K, used 339040K [0x00000007aab00000, 0x00000007bff80000, 0x00000007c0000000)
  eden space 338944K, 100% used [0x00000007aab00000,0x00000007bf600000,0x00000007bf600000)
  from space 4608K, 2% used [0x00000007bfa80000,0x00000007bfa98000,0x00000007bff00000)
  to   space 4608K, 0% used [0x00000007bf600000,0x00000007bf600000,0x00000007bfa80000)
 ParOldGen       total 44032K, used 4865K [0x0000000780000000, 0x0000000782b00000, 0x00000007aab00000)
  object space 44032K, 11% used [0x0000000780000000,0x00000007804c0728,0x0000000782b00000)
 Metaspace       used 10983K, capacity 11364K, committed 11648K, reserved 1058816K
  class space    used 1478K, capacity 1603K, committed 1664K, reserved 1048576K
Event: 4.063 GC heap after
Heap after GC invocations=17 (full 0):
 PSYoungGen      total 343552K, used 96K [0x00000007aab00000, 0x00000007c0000000, 0x00000007c0000000)
  eden space 338944K, 0% used [0x00000007aab00000,0x00000007aab00000,0x00000007bf600000)
  from space 4608K, 2% used [0x00000007bf600000,0x00000007bf618000,0x00000007bfa80000)
  to   space 4608K, 0% used [0x00000007bfb80000,0x00000007bfb80000,0x00000007c0000000)
 ParOldGen       total 44032K, used 4873K [0x0000000780000000, 0x0000000782b00000, 0x00000007aab00000)
  object space 44032K, 11% used [0x0000000780000000,0x00000007804c2728,0x0000000782b00000)
 Metaspace       used 10983K, capacity 11364K, committed 11648K, reserved 1058816K
  class space    used 1478K, capacity 1603K, committed 1664K, reserved 1048576K
}

