# JRE version: Java(TM) SE Runtime Environment (8.0_31-b13) (build 1.8.0_31-b13)
# Java VM: Java HotSpot(TM) 64-Bit Server VM (25.31-b07 mixed mode bsd-amd64 compressed oops)
Heap:
 PSYoungGen      total 172032K, used 30543K [0x00000007aab00000, 0x00000007b5700000, 0x00000007c0000000)
  eden space 167936K, 18% used [0x00000007aab00000,0x00000007ac8c3d68,0x00000007b4f00000)
  from space 4096K, 1% used [0x00000007b5300000,0x00000007b5310000,0x00000007b5700000)
  to   space 4096K, 0% used [0x00000007b4f00000,0x00000007b4f00000,0x00000007b5300000)
 ParOldGen       total 44032K, used 2900K [0x0000000780000000, 0x0000000782b00000, 0x00000007aab00000)
  object space 44032K, 6% used [0x0000000780000000,0x00000007802d51e8,0x0000000782b00000)
 Metaspace       used 11122K, capacity 11568K, committed 11904K, reserved 1058816K
  class space    used 1477K, capacity 1579K, committed 1664K, reserved 1048576K
GC Heap History (10 events):
Event: 2.817 GC heap before
{Heap before GC invocations=8 (full 0):
 PSYoungGen      total 35840K, used 32864K [0x00000007aab00000, 0x00000007af200000, 0x00000007c0000000)
  eden space 32768K, 100% used [0x00000007aab00000,0x00000007acb00000,0x00000007acb00000)
  from space 3072K, 3% used [0x00000007acb00000,0x00000007acb18000,0x00000007ace00000)
  to   space 3584K, 0% used [0x00000007aee80000,0x00000007aee80000,0x00000007af200000)
 ParOldGen       total 44032K, used 2820K [0x0000000780000000, 0x0000000782b00000, 0x00000007aab00000)
  object space 44032K, 6% used [0x0000000780000000,0x00000007802c11e8,0x0000000782b00000)
 Metaspace       used 10864K, capacity 11198K, committed 11392K, reserved 1058816K
  class space    used 1453K, capacity 1572K, committed 1664K, reserved 1048576K
Event: 2.818 GC heap after
Heap after GC invocations=8 (full 0):
 PSYoungGen      total 69120K, used 96K [0x00000007aab00000, 0x00000007af200000, 0x00000007c0000000)
  eden space 65536K, 0% used [0x00000007aab00000,0x00000007aab00000,0x00000007aeb00000)
  from space 3584K, 2% used [0x00000007aee80000,0x00000007aee98000,0x00000007af200000)
  to   space 3584K, 0% used [0x00000007aeb00000,0x00000007aeb00000,0x00000007aee80000)
 ParOldGen       total 44032K, used 2844K [0x0000000780000000, 0x0000000782b00000, 0x00000007aab00000)
  object space 44032K, 6% used [0x0000000780000000,0x00000007802c71e8,0x0000000782b00000)
 Metaspace       used 10864K, capacity 11198K, committed 11392K, reserved 1058816K
  class space    used 1453K, capacity 1572K, committed 1664K, reserved 1048576K
}
Event: 2.881 GC heap before
{Heap before GC invocations=9 (full 0):
 PSYoungGen      total 69120K, used 65632K [0x00000007aab00000, 0x00000007af200000, 0x00000007c0000000)
  eden space 65536K, 100% used [0x00000007aab00000,0x00000007aeb00000,0x00000007aeb00000)
  from space 3584K, 2% used [0x00000007aee80000,0x00000007aee98000,0x00000007af200000)
  to   space 3584K, 0% used [0x00000007aeb00000,0x00000007aeb00000,0x00000007aee80000)
 ParOldGen       total 44032K, used 2844K [0x0000000780000000, 0x0000000782b00000, 0x00000007aab00000)
  object space 44032K, 6% used [0x0000000780000000,0x00000007802c71e8,0x0000000782b00000)
 Metaspace       used 10873K, capacity 11206K, committed 11392K, reserved 1058816K
  class space    used 1453K, capacity 1572K, committed 1664K, reserved 1048576K
Event: 2.881 GC heap after
Heap after GC invocations=9 (full 0):
 PSYoungGen      total 69120K, used 96K [0x00000007aab00000, 0x00000007b1980000, 0x00000007c0000000)
  eden space 65536K, 0% used [0x00000007aab00000,0x00000007aab00000,0x00000007aeb00000)
  from space 3584K, 2% used [0x00000007aeb00000,0x00000007aeb18000,0x00000007aee80000)
  to   space 4096K, 0% used [0x00000007b1580000,0x00000007b1580000,0x00000007b1980000)
 ParOldGen       total 44032K, used 2860K [0x0000000780000000, 0x0000000782b00000, 0x00000007aab00000)
  object space 44032K, 6% used [0x0000000780000000,0x00000007802cb1e8,0x0000000782b00000)
 Metaspace       used 10873K, capacity 11206K, committed 11392K, reserved 1058816K
  class space    used 1453K, capacity 1572K, committed 1664K, reserved 1048576K
}
Event: 2.979 GC heap before
{Heap before GC invocations=10 (full 0):
 PSYoungGen      total 69120K, used 65632K [0x00000007aab00000, 0x00000007b1980000, 0x00000007c0000000)
  eden space 65536K, 100% used [0x00000007aab00000,0x00000007aeb00000,0x00000007aeb00000)
  from space 3584K, 2% used [0x00000007aeb00000,0x00000007aeb18000,0x00000007aee80000)
  to   space 4096K, 0% used [0x00000007b1580000,0x00000007b1580000,0x00000007b1980000)
 ParOldGen       total 44032K, used 2860K [0x0000000780000000, 0x0000000782b00000, 0x00000007aab00000)
  object space 44032K, 6% used [0x0000000780000000,0x00000007802cb1e8,0x0000000782b00000)
 Metaspace       used 10873K, capacity 11206K, committed 11392K, reserved 1058816K
  class space    used 1453K, capacity 1572K, committed 1664K, reserved 1048576K
Event: 2.980 GC heap after
Heap after GC invocations=10 (full 0):
 PSYoungGen      total 109056K, used 96K [0x00000007aab00000, 0x00000007b1980000, 0x00000007c0000000)
  eden space 104960K, 0% used [0x00000007aab00000,0x00000007aab00000,0x00000007b1180000)
  from space 4096K, 2% used [0x00000007b1580000,0x00000007b1598000,0x00000007b1980000)
  to   space 4096K, 0% used [0x00000007b1180000,0x00000007b1180000,0x00000007b1580000)
 ParOldGen       total 44032K, used 2868K [0x0000000780000000, 0x0000000782b00000, 0x00000007aab00000)
  object space 44032K, 6% used [0x0000000780000000,0x00000007802cd1e8,0x0000000782b00000)
 Metaspace       used 10873K, capacity 11206K, committed 11392K, reserved 1058816K
  class space    used 1453K, capacity 1572K, committed 1664K, reserved 1048576K
}
Event: 3.051 GC heap before
{Heap before GC invocations=11 (full 0):
 PSYoungGen      total 109056K, used 105056K [0x00000007aab00000, 0x00000007b1980000, 0x00000007c0000000)
  eden space 104960K, 100% used [0x00000007aab00000,0x00000007b1180000,0x00000007b1180000)
  from space 4096K, 2% used [0x00000007b1580000,0x00000007b1598000,0x00000007b1980000)
  to   space 4096K, 0% used [0x00000007b1180000,0x00000007b1180000,0x00000007b1580000)
 ParOldGen       total 44032K, used 2868K [0x0000000780000000, 0x0000000782b00000, 0x00000007aab00000)
  object space 44032K, 6% used [0x0000000780000000,0x00000007802cd1e8,0x0000000782b00000)
 Metaspace       used 10873K, capacity 11206K, committed 11392K, reserved 1058816K
  class space    used 1453K, capacity 1572K, committed 1664K, reserved 1048576K
Event: 3.052 GC heap after
Heap after GC invocations=11 (full 0):
 PSYoungGen      total 109056K, used 64K [0x00000007aab00000, 0x00000007b5700000, 0x00000007c0000000)
  eden space 104960K, 0% used [0x00000007aab00000,0x00000007aab00000,0x00000007b1180000)
  from space 4096K, 1% used [0x00000007b1180000,0x00000007b1190000,0x00000007b1580000)
  to   space 4096K, 0% used [0x00000007b5300000,0x00000007b5300000,0x00000007b5700000)
 ParOldGen       total 44032K, used 2884K [0x0000000780000000, 0x0000000782b00000, 0x00000007aab00000)
  object space 44032K, 6% used [0x0000000780000000,0x00000007802d11e8,0x0000000782b00000)
 Metaspace       used 10873K, capacity 11206K, committed 11392K, reserved 1058816K
  class space    used 1453K, capacity 1572K, committed 1664K, reserved 1048576K
}
Event: 3.114 GC heap before
{Heap before GC invocations=12 (full 0):
 PSYoungGen      total 109056K, used 105024K [0x00000007aab00000, 0x00000007b5700000, 0x00000007c0000000)
  eden space 104960K, 100% used [0x00000007aab00000,0x00000007b1180000,0x00000007b1180000)
  from space 4096K, 1% used [0x00000007b1180000,0x00000007b1190000,0x00000007b1580000)
  to   space 4096K, 0% used [0x00000007b5300000,0x00000007b5300000,0x00000007b5700000)
 ParOldGen       total 44032K, used 2884K [0x0000000780000000, 0x0000000782b00000, 0x00000007aab00000)
  object space 44032K, 6% used [0x0000000780000000,0x00000007802d11e8,0x0000000782b00000)
 Metaspace       used 10874K, capacity 11210K, committed 11392K, reserved 1058816K
  class space    used 1453K, capacity 1572K, committed 1664K, reserved 1048576K
Event: 3.114 GC heap after
Heap after GC invocations=12 (full 0):
 PSYoungGen      total 172032K, used 64K [0x00000007aab00000, 0x00000007b5700000, 0x00000007c0000000)
  eden space 167936K, 0% used [0x00000007aab00000,0x00000007aab00000,0x00000007b4f00000)
  from space 4096K, 1% used [0x00000007b5300000,0x00000007b5310000,0x00000007b5700000)
  to   space 4096K, 0% used [0x00000007b4f00000,0x00000007b4f00000,0x00000007b5300000)
 ParOldGen       total 44032K, used 2900K [0x0000000780000000, 0x0000000782b00000, 0x00000007aab00000)
  object space 44032K, 6% used [0x0000000780000000,0x00000007802d51e8,0x0000000782b00000)
 Metaspace       used 10874K, capacity 11210K, committed 11392K, reserved 1058816K
  class space    used 1453K, capacity 1572K, committed 1664K, reserved 1048576K
}

