# JRE version: Java(TM) SE Runtime Environment (8.0_31-b13) (build 1.8.0_31-b13)
# Java VM: Java HotSpot(TM) 64-Bit Server VM (25.31-b07 mixed mode bsd-amd64 compressed oops)
Heap:
 PSYoungGen      total 23552K, used 17578K [0x00000007aab00000, 0x00000007ad180000, 0x00000007c0000000)
  eden space 13824K, 56% used [0x00000007aab00000,0x00000007ab2af920,0x00000007ab880000)
  from space 9728K, 99% used [0x00000007ac400000,0x00000007acd7b050,0x00000007acd80000)
  to   space 11776K, 0% used [0x00000007ab880000,0x00000007ab880000,0x00000007ac400000)
 ParOldGen       total 44032K, used 11562K [0x0000000780000000, 0x0000000782b00000, 0x00000007aab00000)
  object space 44032K, 26% used [0x0000000780000000,0x0000000780b4ab58,0x0000000782b00000)
 Metaspace       used 10957K, capacity 11420K, committed 11648K, reserved 1058816K
  class space    used 1404K, capacity 1539K, committed 1664K, reserved 1048576K
GC Heap History (10 events):
Event: 4.492 GC heap before
{Heap before GC invocations=4 (full 0):
 PSYoungGen      total 18944K, used 18928K [0x00000007aab00000, 0x00000007ac000000, 0x00000007c0000000)
  eden space 16384K, 100% used [0x00000007aab00000,0x00000007abb00000,0x00000007abb00000)
  from space 2560K, 99% used [0x00000007abb00000,0x00000007abd7c3b8,0x00000007abd80000)
  to   space 2560K, 0% used [0x00000007abd80000,0x00000007abd80000,0x00000007ac000000)
 ParOldGen       total 44032K, used 3673K [0x0000000780000000, 0x0000000782b00000, 0x00000007aab00000)
  object space 44032K, 8% used [0x0000000780000000,0x00000007803965e8,0x0000000782b00000)
 Metaspace       used 10739K, capacity 11116K, committed 11264K, reserved 1058816K
  class space    used 1395K, capacity 1505K, committed 1536K, reserved 1048576K
Event: 4.498 GC heap after
Heap after GC invocations=4 (full 0):
 PSYoungGen      total 18944K, used 2530K [0x00000007aab00000, 0x00000007ac000000, 0x00000007c0000000)
  eden space 16384K, 0% used [0x00000007aab00000,0x00000007aab00000,0x00000007abb00000)
  from space 2560K, 98% used [0x00000007abd80000,0x00000007abff8b60,0x00000007ac000000)
  to   space 2560K, 0% used [0x00000007abb00000,0x00000007abb00000,0x00000007abd80000)
 ParOldGen       total 44032K, used 6874K [0x0000000780000000, 0x0000000782b00000, 0x00000007aab00000)
  object space 44032K, 15% used [0x0000000780000000,0x00000007806b6838,0x0000000782b00000)
 Metaspace       used 10739K, capacity 11116K, committed 11264K, reserved 1058816K
  class space    used 1395K, capacity 1505K, committed 1536K, reserved 1048576K
}
Event: 6.205 GC heap before
{Heap before GC invocations=5 (full 0):
 PSYoungGen      total 18944K, used 18914K [0x00000007aab00000, 0x00000007ac000000, 0x00000007c0000000)
  eden space 16384K, 100% used [0x00000007aab00000,0x00000007abb00000,0x00000007abb00000)
  from space 2560K, 98% used [0x00000007abd80000,0x00000007abff8b60,0x00000007ac000000)
  to   space 2560K, 0% used [0x00000007abb00000,0x00000007abb00000,0x00000007abd80000)
 ParOldGen       total 44032K, used 6874K [0x0000000780000000, 0x0000000782b00000, 0x00000007aab00000)
  object space 44032K, 15% used [0x0000000780000000,0x00000007806b6838,0x0000000782b00000)
 Metaspace       used 10794K, capacity 11180K, committed 11264K, reserved 1058816K
  class space    used 1395K, capacity 1505K, committed 1536K, reserved 1048576K
Event: 6.213 GC heap after
Heap after GC invocations=5 (full 0):
 PSYoungGen      total 18944K, used 2536K [0x00000007aab00000, 0x00000007aca00000, 0x00000007c0000000)
  eden space 16384K, 0% used [0x00000007aab00000,0x00000007aab00000,0x00000007abb00000)
  from space 2560K, 99% used [0x00000007abb00000,0x00000007abd7a3b0,0x00000007abd80000)
  to   space 7680K, 0% used [0x00000007ac280000,0x00000007ac280000,0x00000007aca00000)
 ParOldGen       total 44032K, used 9663K [0x0000000780000000, 0x0000000782b00000, 0x00000007aab00000)
  object space 44032K, 21% used [0x0000000780000000,0x000000078096fda0,0x0000000782b00000)
 Metaspace       used 10794K, capacity 11180K, committed 11264K, reserved 1058816K
  class space    used 1395K, capacity 1505K, committed 1536K, reserved 1048576K
}
Event: 7.932 GC heap before
{Heap before GC invocations=6 (full 0):
 PSYoungGen      total 18944K, used 18920K [0x00000007aab00000, 0x00000007aca00000, 0x00000007c0000000)
  eden space 16384K, 100% used [0x00000007aab00000,0x00000007abb00000,0x00000007abb00000)
  from space 2560K, 99% used [0x00000007abb00000,0x00000007abd7a3b0,0x00000007abd80000)
  to   space 7680K, 0% used [0x00000007ac280000,0x00000007ac280000,0x00000007aca00000)
 ParOldGen       total 44032K, used 9663K [0x0000000780000000, 0x0000000782b00000, 0x00000007aab00000)
  object space 44032K, 21% used [0x0000000780000000,0x000000078096fda0,0x0000000782b00000)
 Metaspace       used 10863K, capacity 11244K, committed 11520K, reserved 1058816K
  class space    used 1399K, capacity 1505K, committed 1536K, reserved 1048576K
Event: 7.945 GC heap after
Heap after GC invocations=6 (full 0):
 PSYoungGen      total 23552K, used 6286K [0x00000007aab00000, 0x00000007acb00000, 0x00000007c0000000)
  eden space 15872K, 0% used [0x00000007aab00000,0x00000007aab00000,0x00000007aba80000)
  from space 7680K, 81% used [0x00000007ac280000,0x00000007ac8a3a08,0x00000007aca00000)
  to   space 8192K, 0% used [0x00000007aba80000,0x00000007aba80000,0x00000007ac280000)
 ParOldGen       total 44032K, used 9671K [0x0000000780000000, 0x0000000782b00000, 0x00000007aab00000)
  object space 44032K, 21% used [0x0000000780000000,0x0000000780971da0,0x0000000782b00000)
 Metaspace       used 10863K, capacity 11244K, committed 11520K, reserved 1058816K
  class space    used 1399K, capacity 1505K, committed 1536K, reserved 1048576K
}
Event: 9.869 GC heap before
{Heap before GC invocations=7 (full 0):
 PSYoungGen      total 23552K, used 22158K [0x00000007aab00000, 0x00000007acb00000, 0x00000007c0000000)
  eden space 15872K, 100% used [0x00000007aab00000,0x00000007aba80000,0x00000007aba80000)
  from space 7680K, 81% used [0x00000007ac280000,0x00000007ac8a3a08,0x00000007aca00000)
  to   space 8192K, 0% used [0x00000007aba80000,0x00000007aba80000,0x00000007ac280000)
 ParOldGen       total 44032K, used 9671K [0x0000000780000000, 0x0000000782b00000, 0x00000007aab00000)
  object space 44032K, 21% used [0x0000000780000000,0x0000000780971da0,0x0000000782b00000)
 Metaspace       used 10881K, capacity 11244K, committed 11520K, reserved 1058816K
  class space    used 1399K, capacity 1505K, committed 1536K, reserved 1048576K
Event: 9.879 GC heap after
Heap after GC invocations=7 (full 0):
 PSYoungGen      total 24064K, used 8166K [0x00000007aab00000, 0x00000007acd80000, 0x00000007c0000000)
  eden space 15872K, 0% used [0x00000007aab00000,0x00000007aab00000,0x00000007aba80000)
  from space 8192K, 99% used [0x00000007aba80000,0x00000007ac279a10,0x00000007ac280000)
  to   space 9728K, 0% used [0x00000007ac400000,0x00000007ac400000,0x00000007acd80000)
 ParOldGen       total 44032K, used 10420K [0x0000000780000000, 0x0000000782b00000, 0x00000007aab00000)
  object space 44032K, 23% used [0x0000000780000000,0x0000000780a2d0f0,0x0000000782b00000)
 Metaspace       used 10881K, capacity 11244K, committed 11520K, reserved 1058816K
  class space    used 1399K, capacity 1505K, committed 1536K, reserved 1048576K
}
Event: 11.757 GC heap before
{Heap before GC invocations=8 (full 0):
 PSYoungGen      total 24064K, used 24011K [0x00000007aab00000, 0x00000007acd80000, 0x00000007c0000000)
  eden space 15872K, 99% used [0x00000007aab00000,0x00000007aba79300,0x00000007aba80000)
  from space 8192K, 99% used [0x00000007aba80000,0x00000007ac279a10,0x00000007ac280000)
  to   space 9728K, 0% used [0x00000007ac400000,0x00000007ac400000,0x00000007acd80000)
 ParOldGen       total 44032K, used 10420K [0x0000000780000000, 0x0000000782b00000, 0x00000007aab00000)
  object space 44032K, 23% used [0x0000000780000000,0x0000000780a2d0f0,0x0000000782b00000)
 Metaspace       used 10930K, capacity 11376K, committed 11520K, reserved 1058816K
  class space    used 1399K, capacity 1505K, committed 1536K, reserved 1048576K
Event: 11.768 GC heap after
Heap after GC invocations=8 (full 0):
 PSYoungGen      total 23552K, used 9708K [0x00000007aab00000, 0x00000007ad180000, 0x00000007c0000000)
  eden space 13824K, 0% used [0x00000007aab00000,0x00000007aab00000,0x00000007ab880000)
  from space 9728K, 99% used [0x00000007ac400000,0x00000007acd7b050,0x00000007acd80000)
  to   space 11776K, 0% used [0x00000007ab880000,0x00000007ab880000,0x00000007ac400000)
 ParOldGen       total 44032K, used 11562K [0x0000000780000000, 0x0000000782b00000, 0x00000007aab00000)
  object space 44032K, 26% used [0x0000000780000000,0x0000000780b4ab58,0x0000000782b00000)
 Metaspace       used 10930K, capacity 11376K, committed 11520K, reserved 1058816K
  class space    used 1399K, capacity 1505K, committed 1536K, reserved 1048576K
}

